<?xml version="1.0" encoding="UTF-8"?>
<!-- Generated by org.testng.reporters.JUnitReportReporter -->
<testsuite hostname="BaskarSekaran" name="crystalcrusiestestng.CrystalCrusiesLoginTestngClass" tests="1" failures="0" timestamp="4 Aug 2014 19:44:47 GMT" time="116.668" errors="0">
  <testcase name="Login" time="116.668" classname="crystalcrusiestestng.CrystalCrusiesLoginTestngClass"/>
</testsuite> <!-- crystalcrusiestestng.CrystalCrusiesLoginTestngClass -->
