<?xml version="1.0" encoding="UTF-8"?>
<!-- Generated by org.testng.reporters.JUnitReportReporter -->
<testsuite hostname="BaskarSekaran" name="crystalcrusiestestngdemo.Scenario2" tests="1" failures="1" timestamp="2 Aug 2014 20:47:09 GMT" time="29.206" errors="0">
  <testcase name="ScenarioTwo" time="29.206" classname="crystalcrusiestestngdemo.Scenario2">
    <failure type="java.lang.NullPointerException">
      <![CDATA[java.lang.NullPointerException
	at crystalcrusiestestngdemo.CrystalCrusiesWrapperMethods.takeSnap(CrystalCrusiesWrapperMethods.java:67)
	at crystalcrusiestestngdemo.CrystalCrusiesWrapperMethods.clickByLinkText(CrystalCrusiesWrapperMethods.java:198)
	at crystalcrusiestestngdemo.CrystalCrusiesRegistrationTestngClass.Registration(CrystalCrusiesRegistrationTestngClass.java:19)
	at crystalcrusiestestngdemo.Scenario2.ScenarioTwo(Scenario2.java:34)
	at sun.reflect.NativeMethodAccessorImpl.invoke0(Native Method)
	at sun.reflect.NativeMethodAccessorImpl.invoke(Unknown Source)
	at sun.reflect.DelegatingMethodAccessorImpl.invoke(Unknown Source)
	at java.lang.reflect.Method.invoke(Unknown Source)
	at org.testng.internal.MethodInvocationHelper.invokeMethod(MethodInvocationHelper.java:84)
	at org.testng.internal.Invoker.invokeMethod(Invoker.java:714)
	at org.testng.internal.Invoker.invokeTestMethod(Invoker.java:901)
	at org.testng.internal.Invoker.invokeTestMethods(Invoker.java:1231)
	at org.testng.internal.TestMethodWorker.invokeTestMethods(TestMethodWorker.java:127)
	at org.testng.internal.TestMethodWorker.run(TestMethodWorker.java:111)
	at org.testng.TestRunner.privateRun(TestRunner.java:767)
	at org.testng.TestRunner.run(TestRunner.java:617)
	at org.testng.SuiteRunner.runTest(SuiteRunner.java:334)
	at org.testng.SuiteRunner.runSequentially(SuiteRunner.java:329)
	at org.testng.SuiteRunner.privateRun(SuiteRunner.java:291)
	at org.testng.SuiteRunner.run(SuiteRunner.java:240)
	at org.testng.SuiteRunnerWorker.runSuite(SuiteRunnerWorker.java:52)
	at org.testng.SuiteRunnerWorker.run(SuiteRunnerWorker.java:86)
	at org.testng.TestNG.runSuitesSequentially(TestNG.java:1224)
	at org.testng.TestNG.runSuitesLocally(TestNG.java:1149)
	at org.testng.TestNG.run(TestNG.java:1057)
	at org.testng.remote.RemoteTestNG.run(RemoteTestNG.java:111)
	at org.testng.remote.RemoteTestNG.initAndRun(RemoteTestNG.java:204)
	at org.testng.remote.RemoteTestNG.main(RemoteTestNG.java:175)
]]>
    </failure>
  </testcase> <!-- ScenarioTwo -->
</testsuite> <!-- crystalcrusiestestngdemo.Scenario2 -->
