<?xml version="1.0" encoding="UTF-8"?>
<!-- Generated by org.testng.reporters.JUnitReportReporter -->
<testsuite hostname="BaskarSekaran" name="crystalcrusiestestng.CrystalCrusiesRegistrationTestngClass" tests="1" failures="0" timestamp="4 Aug 2014 19:44:47 GMT" time="126.016" errors="0">
  <testcase name="Registration" time="126.016" classname="crystalcrusiestestng.CrystalCrusiesRegistrationTestngClass"/>
</testsuite> <!-- crystalcrusiestestng.CrystalCrusiesRegistrationTestngClass -->
