<?xml version="1.0" encoding="UTF-8"?>
<!-- Generated by org.testng.reporters.JUnitReportReporter -->
<testsuite hostname="BaskarSekaran" name="crystalcrusiestestngdemo.Scenario2FireFox" tests="1" failures="0" timestamp="7 Aug 2014 19:30:37 GMT" time="71.429" errors="0">
  <testcase name="ScenarioTwo" time="71.429" classname="crystalcrusiestestngdemo.Scenario2FireFox"/>
</testsuite> <!-- crystalcrusiestestngdemo.Scenario2FireFox -->
