<?xml version="1.0" encoding="UTF-8"?>
<!-- Generated by org.testng.reporters.JUnitReportReporter -->
<testsuite hostname="BaskarSekaran" name="crystalcrusiestestng.ReadExcel" tests="1" failures="0" timestamp="29 Jul 2014 19:21:27 GMT" time="0.328" errors="0">
  <testcase name="f" time="0.328" classname="crystalcrusiestestng.ReadExcel"/>
</testsuite> <!-- crystalcrusiestestng.ReadExcel -->
