<?xml version="1.0" encoding="UTF-8"?>
<!-- Generated by org.testng.reporters.JUnitReportReporter -->
<testsuite hostname="BaskarSekaran" name="crystalcrusiestestng.Scenario1" tests="1" failures="1" timestamp="31 Jul 2014 20:29:52 GMT" time="0.297" errors="0">
  <testcase name="ScenarioOne" time="0.297" classname="crystalcrusiestestng.Scenario1">
    <failure type="java.lang.IllegalStateException" message="The driver executable does not exist: E:\Selenium Training\software\lib\Add Lib\IEDriverServer.exe">
      <![CDATA[java.lang.IllegalStateException: The driver executable does not exist: E:\Selenium Training\software\lib\Add Lib\IEDriverServer.exe
	at com.google.common.base.Preconditions.checkState(Preconditions.java:177)
	at org.openqa.selenium.remote.service.DriverService.checkExecutable(DriverService.java:117)
	at org.openqa.selenium.remote.service.DriverService.findExecutable(DriverService.java:112)
	at org.openqa.selenium.ie.InternetExplorerDriverService.access$1(InternetExplorerDriverService.java:1)
	at org.openqa.selenium.ie.InternetExplorerDriverService$Builder.build(InternetExplorerDriverService.java:230)
	at org.openqa.selenium.ie.InternetExplorerDriver.setupService(InternetExplorerDriver.java:251)
	at org.openqa.selenium.ie.InternetExplorerDriver.<init>(InternetExplorerDriver.java:172)
	at org.openqa.selenium.ie.InternetExplorerDriver.<init>(InternetExplorerDriver.java:146)
	at crystalcrusiestestng.CrystalCrusiesWrapperMethods.invokeApplication(CrystalCrusiesWrapperMethods.java:138)
	at crystalcrusiestestng.Scenario1.ScenarioOne(Scenario1.java:26)
	at sun.reflect.NativeMethodAccessorImpl.invoke0(Native Method)
	at sun.reflect.NativeMethodAccessorImpl.invoke(Unknown Source)
	at sun.reflect.DelegatingMethodAccessorImpl.invoke(Unknown Source)
	at java.lang.reflect.Method.invoke(Unknown Source)
	at org.testng.internal.MethodInvocationHelper.invokeMethod(MethodInvocationHelper.java:84)
	at org.testng.internal.Invoker.invokeMethod(Invoker.java:714)
	at org.testng.internal.Invoker.invokeTestMethod(Invoker.java:901)
	at org.testng.internal.Invoker.invokeTestMethods(Invoker.java:1231)
	at org.testng.internal.TestMethodWorker.invokeTestMethods(TestMethodWorker.java:127)
	at org.testng.internal.TestMethodWorker.run(TestMethodWorker.java:111)
	at org.testng.TestRunner.privateRun(TestRunner.java:767)
	at org.testng.TestRunner.run(TestRunner.java:617)
	at org.testng.SuiteRunner.runTest(SuiteRunner.java:334)
	at org.testng.SuiteRunner.runSequentially(SuiteRunner.java:329)
	at org.testng.SuiteRunner.privateRun(SuiteRunner.java:291)
	at org.testng.SuiteRunner.run(SuiteRunner.java:240)
	at org.testng.SuiteRunnerWorker.runSuite(SuiteRunnerWorker.java:52)
	at org.testng.SuiteRunnerWorker.run(SuiteRunnerWorker.java:86)
	at org.testng.TestNG.runSuitesSequentially(TestNG.java:1224)
	at org.testng.TestNG.runSuitesLocally(TestNG.java:1149)
	at org.testng.TestNG.run(TestNG.java:1057)
	at org.testng.remote.RemoteTestNG.run(RemoteTestNG.java:111)
	at org.testng.remote.RemoteTestNG.initAndRun(RemoteTestNG.java:204)
	at org.testng.remote.RemoteTestNG.main(RemoteTestNG.java:175)
]]>
    </failure>
  </testcase> <!-- ScenarioOne -->
</testsuite> <!-- crystalcrusiestestng.Scenario1 -->
